[debug] [2026-03-06T22:29:20.806Z] ----------------------------------------------------------------------
[debug] [2026-03-06T22:29:20.810Z] Command:       /usr/local/bin/firebase /Users/alistein/.cache/firebase/tools/lib/node_modules/firebase-tools/lib/bin/firebase init hosting
[debug] [2026-03-06T22:29:20.810Z] CLI Version:   14.9.0
[debug] [2026-03-06T22:29:20.810Z] Platform:      darwin
[debug] [2026-03-06T22:29:20.810Z] Node Version:  v20.18.2
[debug] [2026-03-06T22:29:20.811Z] Time:          Sat Mar 07 2026 02:29:20 GMT+0400 (Azerbaijan Standard Time)
[debug] [2026-03-06T22:29:20.811Z] ----------------------------------------------------------------------
[debug] 
[debug] [2026-03-06T22:29:20.820Z] > command requires scopes: ["email","openid","https://www.googleapis.com/auth/cloudplatformprojects.readonly","https://www.googleapis.com/auth/firebase","https://www.googleapis.com/auth/cloud-platform"]
[debug] [2026-03-06T22:29:20.821Z] > authorizing via signed-in user (mr.alialyev@gmail.com)
[info] 
     ######## #### ########  ######## ########     ###     ######  ########
     ##        ##  ##     ## ##       ##     ##  ##   ##  ##       ##
     ######    ##  ########  ######   ########  #########  ######  ######
     ##        ##  ##    ##  ##       ##     ## ##     ##       ## ##
     ##       #### ##     ## ######## ########  ##     ##  ######  ########

You're about to initialize a Firebase project in this directory:

  /Users/alistein/Documents/Azercell-Tofig/360data

[info] 
=== Account Setup
[info] 
[info] Which account do you want to use for this project? Choose an account or add a new one now
[info] 
[debug] [2026-03-06T22:29:31.765Z] setProjectAccount(/Users/alistein/Documents/Azercell-Tofig/360data, mr.alialyev@gmail.com)
[info] 
[info] ✔  Using account: mr.alialyev@gmail.com 
[info] 
=== Project Setup
[info] 
[info] First, let's associate this project directory with a Firebase project.
[info] You can create multiple project aliases by running firebase use --add, 
[info] but for now we'll just set up a default project.
[info] 
[debug] [2026-03-06T22:29:32.707Z] Checked if tokens are valid: false, expires at: 1772832167619
[debug] [2026-03-06T22:29:32.707Z] Checked if tokens are valid: false, expires at: 1772832167619
[debug] [2026-03-06T22:29:32.708Z] > refreshing access token with scopes: []
[debug] [2026-03-06T22:29:32.709Z] >>> [apiv2][query] POST https://www.googleapis.com/oauth2/v3/token [none]
[debug] [2026-03-06T22:29:32.709Z] >>> [apiv2][body] POST https://www.googleapis.com/oauth2/v3/token [omitted]
[debug] [2026-03-06T22:29:33.121Z] <<< [apiv2][status] POST https://www.googleapis.com/oauth2/v3/token 200
[debug] [2026-03-06T22:29:33.121Z] <<< [apiv2][body] POST https://www.googleapis.com/oauth2/v3/token [omitted]
[debug] [2026-03-06T22:29:33.132Z] >>> [apiv2][query] GET https://firebase.googleapis.com/v1beta1/projects pageSize=100
[debug] [2026-03-06T22:29:33.855Z] <<< [apiv2][status] GET https://firebase.googleapis.com/v1beta1/projects 200
[debug] [2026-03-06T22:29:33.855Z] <<< [apiv2][body] GET https://firebase.googleapis.com/v1beta1/projects [omitted]
[info] i  Using project data-azercell (360data-azercell) 
[info] 
=== Hosting Setup
[debug] [2026-03-06T22:29:36.872Z] Checked if tokens are valid: true, expires at: 1772839772121
[debug] [2026-03-06T22:29:36.872Z] Checked if tokens are valid: true, expires at: 1772839772121
[debug] [2026-03-06T22:29:36.872Z] >>> [apiv2][query] GET https://firebase.googleapis.com/v1beta1/projects/data-azercell [none]
[debug] [2026-03-06T22:29:37.189Z] <<< [apiv2][status] GET https://firebase.googleapis.com/v1beta1/projects/data-azercell 200
[debug] [2026-03-06T22:29:37.190Z] <<< [apiv2][body] GET https://firebase.googleapis.com/v1beta1/projects/data-azercell {"projectId":"data-azercell","projectNumber":"508646446705","displayName":"360data-azercell","name":"projects/data-azercell","resources":{"hostingSite":"data-azercell"},"state":"ACTIVE","etag":"1_7318e348-2b8b-46bd-b94a-f2977d967d44"}
[info] 
[info] Your public directory is the folder (relative to your project directory) that
[info] will contain Hosting assets to be uploaded with firebase deploy. If you
[info] have a build process for your assets, use your build's output directory.
[info] 
[debug] [2026-03-06T22:30:02.199Z] ExitPromptError: User force closed the prompt with SIGINT
    at Interface.sigint (/Users/alistein/.cache/firebase/tools/lib/node_modules/@inquirer/core/dist/commonjs/lib/create-prompt.js:101:37)
    at Interface.emit (node:events:518:28)
    at Interface.emit (node:domain:489:12)
    at [_ttyWrite] [as _ttyWrite] (node:internal/readline/interface:1125:18)
    at ReadStream.onkeypress (node:internal/readline/interface:264:20)
    at ReadStream.emit (node:events:530:35)
    at ReadStream.emit (node:domain:489:12)
    at emitKeys (node:internal/readline/utils:371:14)
    at emitKeys.next (<anonymous>)
    at ReadStream.onData (node:internal/readline/emitKeypressEvents:64:36)
[error] 
[error] Error: An unexpected error has occurred.
